This is XeTeX, Version 3.14159265-2.6-0.999992 (TeX Live 2020/W32TeX) (preloaded format=xelatex 2022.2.14)  5 DEC 2022 09:41
entering extended mode
 restricted \write18 enabled.
 file:line:error style messages enabled.
 %&-line parsing enabled.
**abonden
(./abonden.tex
LaTeX2e <2020-02-02> patch level 5
L3 programming layer <2020-03-06> (c:/texlive/2020/texmf-dist/tex/latex/base/article.cls
Document Class: article 2019/12/20 v1.4l Standard LaTeX document class
(c:/texlive/2020/texmf-dist/tex/latex/base/size12.clo
File: size12.clo 2019/12/20 v1.4l Standard LaTeX file (size option)
)
\c@part=\count163
\c@section=\count164
\c@subsection=\count165
\c@subsubsection=\count166
\c@paragraph=\count167
\c@subparagraph=\count168
\c@figure=\count169
\c@table=\count170
\abovecaptionskip=\skip47
\belowcaptionskip=\skip48
\bibindent=\dimen134
) (c:/texlive/2020/texmf-dist/tex/latex/tools/indentfirst.sty
Package: indentfirst 1995/11/23 v1.03 Indent first paragraph (DPC)
) (c:/texlive/2020/texmf-dist/tex/latex/jknapltx/mathrsfs.sty
Package: mathrsfs 1996/01/01 Math RSFS package v1.0 (jk)
\symrsfs=\mathgroup4
) (c:/texlive/2020/texmf-dist/tex/latex/amsfonts/amsfonts.sty
Package: amsfonts 2013/01/14 v3.01 Basic AMSFonts support
\@emptytoks=\toks15
\symAMSa=\mathgroup5
\symAMSb=\mathgroup6
LaTeX Font Info:    Redeclaring math symbol \hbar on input line 98.
LaTeX Font Info:    Overwriting math alphabet `\mathfrak' in version `bold'
(Font)                  U/euf/m/n --> U/euf/b/n on input line 106.
) (c:/texlive/2020/texmf-dist/tex/latex/amsmath/amsmath.sty
Package: amsmath 2020/01/20 v2.17e AMS math features
\@mathmargin=\skip49

For additional information on amsmath, use the `?' option.
(c:/texlive/2020/texmf-dist/tex/latex/amsmath/amstext.sty
Package: amstext 2000/06/29 v2.01 AMS text
 (c:/texlive/2020/texmf-dist/tex/latex/amsmath/amsgen.sty
File: amsgen.sty 1999/11/30 v2.0 generic functions
\@emptytoks=\toks16
\ex@=\dimen135
)) (c:/texlive/2020/texmf-dist/tex/latex/amsmath/amsbsy.sty
Package: amsbsy 1999/11/29 v1.2d Bold Symbols
\pmbraise@=\dimen136
) (c:/texlive/2020/texmf-dist/tex/latex/amsmath/amsopn.sty
Package: amsopn 2016/03/08 v2.02 operator names
)
\inf@bad=\count171
LaTeX Info: Redefining \frac on input line 227.
\uproot@=\count172
\leftroot@=\count173
LaTeX Info: Redefining \overline on input line 389.
\classnum@=\count174
\DOTSCASE@=\count175
LaTeX Info: Redefining \ldots on input line 486.
LaTeX Info: Redefining \dots on input line 489.
LaTeX Info: Redefining \cdots on input line 610.
\Mathstrutbox@=\box45
\strutbox@=\box46
\big@size=\dimen137
LaTeX Font Info:    Redeclaring font encoding OML on input line 733.
LaTeX Font Info:    Redeclaring font encoding OMS on input line 734.
\macc@depth=\count176
\c@MaxMatrixCols=\count177
\dotsspace@=\muskip16
\c@parentequation=\count178
\dspbrk@lvl=\count179
\tag@help=\toks17
\row@=\count180
\column@=\count181
\maxfields@=\count182
\andhelp@=\toks18
\eqnshift@=\dimen138
\alignsep@=\dimen139
\tagshift@=\dimen140
\tagwidth@=\dimen141
\totwidth@=\dimen142
\lineht@=\dimen143
\@envbody=\toks19
\multlinegap=\skip50
\multlinetaggap=\skip51
\mathdisplay@stack=\toks20
LaTeX Info: Redefining \[ on input line 2859.
LaTeX Info: Redefining \] on input line 2860.
) (c:/texlive/2020/texmf-dist/tex/latex/amscls/amsthm.sty
Package: amsthm 2017/10/31 v2.20.4
\thm@style=\toks21
\thm@bodyfont=\toks22
\thm@headfont=\toks23
\thm@notefont=\toks24
\thm@headpunct=\toks25
\thm@preskip=\skip52
\thm@postskip=\skip53
\thm@headsep=\skip54
\dth@everypar=\toks26
) (c:/texlive/2020/texmf-dist/tex/latex/amsfonts/amssymb.sty
Package: amssymb 2013/01/14 v3.01 AMS font symbols
) (c:/texlive/2020/texmf-dist/tex/latex/enumitem/enumitem.sty
Package: enumitem 2019/06/20 v3.9 Customized lists
\enitkv@toks@=\toks27
\labelindent=\skip55
\enit@outerparindent=\dimen144
\enit@toks=\toks28
\enit@inbox=\box47
\enit@count@id=\count183
\enitdp@description=\count184
) (c:/texlive/2020/texmf-dist/tex/latex/hyperref/hyperref.sty
Package: hyperref 2020/01/14 v7.00d Hypertext links for LaTeX
 (c:/texlive/2020/texmf-dist/tex/generic/ltxcmds/ltxcmds.sty
Package: ltxcmds 2019/12/15 v1.24 LaTeX kernel commands for general use (HO)
) (c:/texlive/2020/texmf-dist/tex/generic/iftex/iftex.sty
Package: iftex 2020/03/06 v1.0d TeX engine tests
) (c:/texlive/2020/texmf-dist/tex/latex/pdftexcmds/pdftexcmds.sty
Package: pdftexcmds 2019/11/24 v0.31 Utility functions of pdfTeX for LuaTeX (HO)
 (c:/texlive/2020/texmf-dist/tex/generic/infwarerr/infwarerr.sty
Package: infwarerr 2019/12/03 v1.5 Providing info/warning/error messages (HO)
)
Package pdftexcmds Info: \pdf@primitive is available.
Package pdftexcmds Info: \pdf@ifprimitive is available.
Package pdftexcmds Info: \pdfdraftmode not found.
) (c:/texlive/2020/texmf-dist/tex/latex/graphics/keyval.sty
Package: keyval 2014/10/28 v1.15 key=value parser (DPC)
\KV@toks@=\toks29
) (c:/texlive/2020/texmf-dist/tex/generic/kvsetkeys/kvsetkeys.sty
Package: kvsetkeys 2019/12/15 v1.18 Key value parser (HO)
) (c:/texlive/2020/texmf-dist/tex/generic/kvdefinekeys/kvdefinekeys.sty
Package: kvdefinekeys 2019-12-19 v1.6 Define keys (HO)
) (c:/texlive/2020/texmf-dist/tex/generic/pdfescape/pdfescape.sty
Package: pdfescape 2019/12/09 v1.15 Implements pdfTeX's escape features (HO)
) (c:/texlive/2020/texmf-dist/tex/latex/hycolor/hycolor.sty
Package: hycolor 2020-01-27 v1.10 Color options for hyperref/bookmark (HO)
) (c:/texlive/2020/texmf-dist/tex/latex/letltxmacro/letltxmacro.sty
Package: letltxmacro 2019/12/03 v1.6 Let assignment for LaTeX macros (HO)
) (c:/texlive/2020/texmf-dist/tex/latex/auxhook/auxhook.sty
Package: auxhook 2019-12-17 v1.6 Hooks for auxiliary files (HO)
) (c:/texlive/2020/texmf-dist/tex/latex/kvoptions/kvoptions.sty
Package: kvoptions 2019/11/29 v3.13 Key value format for package options (HO)
)
\@linkdim=\dimen145
\Hy@linkcounter=\count185
\Hy@pagecounter=\count186
 (c:/texlive/2020/texmf-dist/tex/latex/hyperref/pd1enc.def
File: pd1enc.def 2020/01/14 v7.00d Hyperref: PDFDocEncoding definition (HO)
) (c:/texlive/2020/texmf-dist/tex/generic/intcalc/intcalc.sty
Package: intcalc 2019/12/15 v1.3 Expandable calculations with integers (HO)
) (c:/texlive/2020/texmf-dist/tex/generic/etexcmds/etexcmds.sty
Package: etexcmds 2019/12/15 v1.7 Avoid name clashes with e-TeX commands (HO)
)
\Hy@SavedSpaceFactor=\count187
Package hyperref Info: Option `colorlinks' set `true' on input line 4421.


Package hyperref Warning: XeTeX driver only supports unicode.
(hyperref)                Enabling option `unicode'.

Package hyperref Info: Option `unicode' set `true' on input line 4421.
(c:/texlive/2020/texmf-dist/tex/latex/hyperref/puenc.def
File: puenc.def 2020/01/14 v7.00d Hyperref: PDF Unicode definition (HO)
)
Package hyperref Info: Hyper figures OFF on input line 4547.
Package hyperref Info: Link nesting OFF on input line 4552.
Package hyperref Info: Hyper index ON on input line 4555.
Package hyperref Info: Plain pages OFF on input line 4562.
Package hyperref Info: Backreferencing OFF on input line 4567.
Package hyperref Info: Implicit mode ON; LaTeX internals redefined.
Package hyperref Info: Bookmarks ON on input line 4800.
\c@Hy@tempcnt=\count188
 (c:/texlive/2020/texmf-dist/tex/latex/url/url.sty
\Urlmuskip=\muskip17
Package: url 2013/09/16  ver 3.4  Verb mode for urls, etc.
)
LaTeX Info: Redefining \url on input line 5159.
\XeTeXLinkMargin=\dimen146
 (c:/texlive/2020/texmf-dist/tex/generic/bitset/bitset.sty
Package: bitset 2019/12/09 v1.3 Handle bit-vector datatype (HO)
 (c:/texlive/2020/texmf-dist/tex/generic/bigintcalc/bigintcalc.sty
Package: bigintcalc 2019/12/15 v1.5 Expandable calculations on big integers (HO)
))
\Fld@menulength=\count189
\Field@Width=\dimen147
\Fld@charsize=\dimen148
Package hyperref Info: Hyper figures OFF on input line 6430.
Package hyperref Info: Link nesting OFF on input line 6435.
Package hyperref Info: Hyper index ON on input line 6438.
Package hyperref Info: backreferencing OFF on input line 6445.
Package hyperref Info: Link coloring ON on input line 6448.
Package hyperref Info: Link coloring with OCG OFF on input line 6455.
Package hyperref Info: PDF/A mode OFF on input line 6460.
LaTeX Info: Redefining \ref on input line 6500.
LaTeX Info: Redefining \pageref on input line 6504.
 (c:/texlive/2020/texmf-dist/tex/generic/atbegshi/atbegshi.sty
Package: atbegshi 2019/12/05 v1.19 At begin shipout hook (HO)
)
\Hy@abspage=\count190
\c@Item=\count191
\c@Hfootnote=\count192
)
Package hyperref Info: Driver (autodetected): hxetex.
 (c:/texlive/2020/texmf-dist/tex/latex/hyperref/hxetex.def
File: hxetex.def 2020/01/14 v7.00d Hyperref driver for XeTeX
 (c:/texlive/2020/texmf-dist/tex/generic/stringenc/stringenc.sty
Package: stringenc 2019/11/29 v1.12 Convert strings between diff. encodings (HO)
)
\pdfm@box=\box48
\c@Hy@AnnotLevel=\count193
\HyField@AnnotCount=\count194
\Fld@listcount=\count195
\c@bookmark@seq@number=\count196
 (c:/texlive/2020/texmf-dist/tex/latex/rerunfilecheck/rerunfilecheck.sty
Package: rerunfilecheck 2019/12/05 v1.9 Rerun checks for auxiliary files (HO)
 (c:/texlive/2020/texmf-dist/tex/latex/atveryend/atveryend.sty
Package: atveryend 2019-12-11 v1.11 Hooks at the very end of document (HO)
Package atveryend Info: \enddocument detected (standard20110627).
) (c:/texlive/2020/texmf-dist/tex/generic/uniquecounter/uniquecounter.sty
Package: uniquecounter 2019/12/15 v1.4 Provide unlimited unique counter (HO)
)
Package uniquecounter Info: New unique counter `rerunfilecheck' on input line 286.
)
\Hy@SectionHShift=\skip56
) (c:/texlive/2020/texmf-dist/tex/latex/pgf/frontendlayer/tikz.sty (c:/texlive/2020/texmf-dist/tex/latex/pgf/basiclayer/pgf.sty (c:/texlive/2020/texmf-dist/tex/latex/pgf/utilities/pgfrcs.sty (c:/texlive/2020/texmf-dist/tex/generic/pgf/utilities/pgfutil-common.tex
\pgfutil@everybye=\toks30
\pgfutil@tempdima=\dimen149
\pgfutil@tempdimb=\dimen150
 (c:/texlive/2020/texmf-dist/tex/generic/pgf/utilities/pgfutil-common-lists.tex)) (c:/texlive/2020/texmf-dist/tex/generic/pgf/utilities/pgfutil-latex.def
\pgfutil@abb=\box49
 (c:/texlive/2020/texmf-dist/tex/latex/ms/everyshi.sty
Package: everyshi 2001/05/15 v3.00 EveryShipout Package (MS)
)) (c:/texlive/2020/texmf-dist/tex/generic/pgf/utilities/pgfrcs.code.tex (c:/texlive/2020/texmf-dist/tex/generic/pgf/pgf.revision.tex)
Package: pgfrcs 2020/01/08 v3.1.5b (3.1.5b)
))
Package: pgf 2020/01/08 v3.1.5b (3.1.5b)
 (c:/texlive/2020/texmf-dist/tex/latex/pgf/basiclayer/pgfcore.sty (c:/texlive/2020/texmf-dist/tex/latex/graphics/graphicx.sty
Package: graphicx 2019/11/30 v1.2a Enhanced LaTeX Graphics (DPC,SPQR)
 (c:/texlive/2020/texmf-dist/tex/latex/graphics/graphics.sty
Package: graphics 2019/11/30 v1.4a Standard LaTeX Graphics (DPC,SPQR)
 (c:/texlive/2020/texmf-dist/tex/latex/graphics/trig.sty
Package: trig 2016/01/03 v1.10 sin cos tan (DPC)
) (c:/texlive/2020/texmf-dist/tex/latex/graphics-cfg/graphics.cfg
File: graphics.cfg 2016/06/04 v1.11 sample graphics configuration
)
Package graphics Info: Driver file: xetex.def on input line 105.
 (c:/texlive/2020/texmf-dist/tex/latex/graphics-def/xetex.def
File: xetex.def 2017/06/24 v5.0h Graphics/color driver for xetex
))
\Gin@req@height=\dimen151
\Gin@req@width=\dimen152
) (c:/texlive/2020/texmf-dist/tex/latex/pgf/systemlayer/pgfsys.sty (c:/texlive/2020/texmf-dist/tex/generic/pgf/systemlayer/pgfsys.code.tex
Package: pgfsys 2020/01/08 v3.1.5b (3.1.5b)
 (c:/texlive/2020/texmf-dist/tex/generic/pgf/utilities/pgfkeys.code.tex
\pgfkeys@pathtoks=\toks31
\pgfkeys@temptoks=\toks32
 (c:/texlive/2020/texmf-dist/tex/generic/pgf/utilities/pgfkeysfiltered.code.tex
\pgfkeys@tmptoks=\toks33
))
\pgf@x=\dimen153
\pgf@y=\dimen154
\pgf@xa=\dimen155
\pgf@ya=\dimen156
\pgf@xb=\dimen157
\pgf@yb=\dimen158
\pgf@xc=\dimen159
\pgf@yc=\dimen160
\pgf@xd=\dimen161
\pgf@yd=\dimen162
\w@pgf@writea=\write3
\r@pgf@reada=\read2
\c@pgf@counta=\count197
\c@pgf@countb=\count198
\c@pgf@countc=\count199
\c@pgf@countd=\count266
\t@pgf@toka=\toks34
\t@pgf@tokb=\toks35
\t@pgf@tokc=\toks36
\pgf@sys@id@count=\count267
 (c:/texlive/2020/texmf-dist/tex/generic/pgf/systemlayer/pgf.cfg
File: pgf.cfg 2020/01/08 v3.1.5b (3.1.5b)
)
Driver file for pgf: pgfsys-xetex.def
 (c:/texlive/2020/texmf-dist/tex/generic/pgf/systemlayer/pgfsys-xetex.def
File: pgfsys-xetex.def 2020/01/08 v3.1.5b (3.1.5b)
 (c:/texlive/2020/texmf-dist/tex/generic/pgf/systemlayer/pgfsys-dvipdfmx.def
File: pgfsys-dvipdfmx.def 2020/01/08 v3.1.5b (3.1.5b)
 (c:/texlive/2020/texmf-dist/tex/generic/pgf/systemlayer/pgfsys-common-pdf.def
File: pgfsys-common-pdf.def 2020/01/08 v3.1.5b (3.1.5b)
)
\pgfsys@objnum=\count268
))) (c:/texlive/2020/texmf-dist/tex/generic/pgf/systemlayer/pgfsyssoftpath.code.tex
File: pgfsyssoftpath.code.tex 2020/01/08 v3.1.5b (3.1.5b)
\pgfsyssoftpath@smallbuffer@items=\count269
\pgfsyssoftpath@bigbuffer@items=\count270
) (c:/texlive/2020/texmf-dist/tex/generic/pgf/systemlayer/pgfsysprotocol.code.tex
File: pgfsysprotocol.code.tex 2020/01/08 v3.1.5b (3.1.5b)
)) (c:/texlive/2020/texmf-dist/tex/latex/xcolor/xcolor.sty
Package: xcolor 2016/05/11 v2.12 LaTeX color extensions (UK)
 (c:/texlive/2020/texmf-dist/tex/latex/graphics-cfg/color.cfg
File: color.cfg 2016/01/02 v1.6 sample color configuration
)
Package xcolor Info: Driver file: xetex.def on input line 225.
Package xcolor Info: Model `cmy' substituted by `cmy0' on input line 1348.
Package xcolor Info: Model `RGB' extended on input line 1364.
Package xcolor Info: Model `HTML' substituted by `rgb' on input line 1366.
Package xcolor Info: Model `Hsb' substituted by `hsb' on input line 1367.
Package xcolor Info: Model `tHsb' substituted by `hsb' on input line 1368.
Package xcolor Info: Model `HSB' substituted by `hsb' on input line 1369.
Package xcolor Info: Model `Gray' substituted by `gray' on input line 1370.
Package xcolor Info: Model `wave' substituted by `hsb' on input line 1371.
) (c:/texlive/2020/texmf-dist/tex/generic/pgf/basiclayer/pgfcore.code.tex
Package: pgfcore 2020/01/08 v3.1.5b (3.1.5b)
 (c:/texlive/2020/texmf-dist/tex/generic/pgf/math/pgfmath.code.tex (c:/texlive/2020/texmf-dist/tex/generic/pgf/math/pgfmathcalc.code.tex (c:/texlive/2020/texmf-dist/tex/generic/pgf/math/pgfmathutil.code.tex) (c:/texlive/2020/texmf-dist/tex/generic/pgf/math/pgfmathparser.code.tex
\pgfmath@dimen=\dimen163
\pgfmath@count=\count271
\pgfmath@box=\box50
\pgfmath@toks=\toks37
\pgfmath@stack@operand=\toks38
\pgfmath@stack@operation=\toks39
) (c:/texlive/2020/texmf-dist/tex/generic/pgf/math/pgfmathfunctions.code.tex (c:/texlive/2020/texmf-dist/tex/generic/pgf/math/pgfmathfunctions.basic.code.tex) (c:/texlive/2020/texmf-dist/tex/generic/pgf/math/pgfmathfunctions.trigonometric.code.tex) (c:/texlive/2020/texmf-dist/tex/generic/pgf/math/pgfmathfunctions.random.code.tex) (c:/texlive/2020/texmf-dist/tex/generic/pgf/math/pgfmathfunctions.comparison.code.tex) (c:/texlive/2020/texmf-dist/tex/generic/pgf/math/pgfmathfunctions.base.code.tex) (c:/texlive/2020/texmf-dist/tex/generic/pgf/math/pgfmathfunctions.round.code.tex) (c:/texlive/2020/texmf-dist/tex/generic/pgf/math/pgfmathfunctions.misc.code.tex) (c:/texlive/2020/texmf-dist/tex/generic/pgf/math/pgfmathfunctions.integerarithmetics.code.tex))) (c:/texlive/2020/texmf-dist/tex/generic/pgf/math/pgfmathfloat.code.tex
\c@pgfmathroundto@lastzeros=\count272
)) (c:/texlive/2020/texmf-dist/tex/generic/pgf/math/pgfint.code.tex) (c:/texlive/2020/texmf-dist/tex/generic/pgf/basiclayer/pgfcorepoints.code.tex
File: pgfcorepoints.code.tex 2020/01/08 v3.1.5b (3.1.5b)
\pgf@picminx=\dimen164
\pgf@picmaxx=\dimen165
\pgf@picminy=\dimen166
\pgf@picmaxy=\dimen167
\pgf@pathminx=\dimen168
\pgf@pathmaxx=\dimen169
\pgf@pathminy=\dimen170
\pgf@pathmaxy=\dimen171
\pgf@xx=\dimen172
\pgf@xy=\dimen173
\pgf@yx=\dimen174
\pgf@yy=\dimen175
\pgf@zx=\dimen176
\pgf@zy=\dimen177
) (c:/texlive/2020/texmf-dist/tex/generic/pgf/basiclayer/pgfcorepathconstruct.code.tex
File: pgfcorepathconstruct.code.tex 2020/01/08 v3.1.5b (3.1.5b)
\pgf@path@lastx=\dimen178
\pgf@path@lasty=\dimen179
) (c:/texlive/2020/texmf-dist/tex/generic/pgf/basiclayer/pgfcorepathusage.code.tex
File: pgfcorepathusage.code.tex 2020/01/08 v3.1.5b (3.1.5b)
\pgf@shorten@end@additional=\dimen180
\pgf@shorten@start@additional=\dimen181
) (c:/texlive/2020/texmf-dist/tex/generic/pgf/basiclayer/pgfcorescopes.code.tex
File: pgfcorescopes.code.tex 2020/01/08 v3.1.5b (3.1.5b)
\pgfpic=\box51
\pgf@hbox=\box52
\pgf@layerbox@main=\box53
\pgf@picture@serial@count=\count273
) (c:/texlive/2020/texmf-dist/tex/generic/pgf/basiclayer/pgfcoregraphicstate.code.tex
File: pgfcoregraphicstate.code.tex 2020/01/08 v3.1.5b (3.1.5b)
\pgflinewidth=\dimen182
) (c:/texlive/2020/texmf-dist/tex/generic/pgf/basiclayer/pgfcoretransformations.code.tex
File: pgfcoretransformations.code.tex 2020/01/08 v3.1.5b (3.1.5b)
\pgf@pt@x=\dimen183
\pgf@pt@y=\dimen184
\pgf@pt@temp=\dimen185
) (c:/texlive/2020/texmf-dist/tex/generic/pgf/basiclayer/pgfcorequick.code.tex
File: pgfcorequick.code.tex 2020/01/08 v3.1.5b (3.1.5b)
) (c:/texlive/2020/texmf-dist/tex/generic/pgf/basiclayer/pgfcoreobjects.code.tex
File: pgfcoreobjects.code.tex 2020/01/08 v3.1.5b (3.1.5b)
) (c:/texlive/2020/texmf-dist/tex/generic/pgf/basiclayer/pgfcorepathprocessing.code.tex
File: pgfcorepathprocessing.code.tex 2020/01/08 v3.1.5b (3.1.5b)
) (c:/texlive/2020/texmf-dist/tex/generic/pgf/basiclayer/pgfcorearrows.code.tex
File: pgfcorearrows.code.tex 2020/01/08 v3.1.5b (3.1.5b)
\pgfarrowsep=\dimen186
) (c:/texlive/2020/texmf-dist/tex/generic/pgf/basiclayer/pgfcoreshade.code.tex
File: pgfcoreshade.code.tex 2020/01/08 v3.1.5b (3.1.5b)
\pgf@max=\dimen187
\pgf@sys@shading@range@num=\count274
\pgf@shadingcount=\count275
) (c:/texlive/2020/texmf-dist/tex/generic/pgf/basiclayer/pgfcoreimage.code.tex
File: pgfcoreimage.code.tex 2020/01/08 v3.1.5b (3.1.5b)
 (c:/texlive/2020/texmf-dist/tex/generic/pgf/basiclayer/pgfcoreexternal.code.tex
File: pgfcoreexternal.code.tex 2020/01/08 v3.1.5b (3.1.5b)
\pgfexternal@startupbox=\box54
)) (c:/texlive/2020/texmf-dist/tex/generic/pgf/basiclayer/pgfcorelayers.code.tex
File: pgfcorelayers.code.tex 2020/01/08 v3.1.5b (3.1.5b)
) (c:/texlive/2020/texmf-dist/tex/generic/pgf/basiclayer/pgfcoretransparency.code.tex
File: pgfcoretransparency.code.tex 2020/01/08 v3.1.5b (3.1.5b)
) (c:/texlive/2020/texmf-dist/tex/generic/pgf/basiclayer/pgfcorepatterns.code.tex
File: pgfcorepatterns.code.tex 2020/01/08 v3.1.5b (3.1.5b)
) (c:/texlive/2020/texmf-dist/tex/generic/pgf/basiclayer/pgfcorerdf.code.tex
File: pgfcorerdf.code.tex 2020/01/08 v3.1.5b (3.1.5b)
))) (c:/texlive/2020/texmf-dist/tex/generic/pgf/modules/pgfmoduleshapes.code.tex
File: pgfmoduleshapes.code.tex 2020/01/08 v3.1.5b (3.1.5b)
\pgfnodeparttextbox=\box55
) (c:/texlive/2020/texmf-dist/tex/generic/pgf/modules/pgfmoduleplot.code.tex
File: pgfmoduleplot.code.tex 2020/01/08 v3.1.5b (3.1.5b)
) (c:/texlive/2020/texmf-dist/tex/latex/pgf/compatibility/pgfcomp-version-0-65.sty
Package: pgfcomp-version-0-65 2020/01/08 v3.1.5b (3.1.5b)
\pgf@nodesepstart=\dimen188
\pgf@nodesepend=\dimen189
) (c:/texlive/2020/texmf-dist/tex/latex/pgf/compatibility/pgfcomp-version-1-18.sty
Package: pgfcomp-version-1-18 2020/01/08 v3.1.5b (3.1.5b)
)) (c:/texlive/2020/texmf-dist/tex/latex/pgf/utilities/pgffor.sty (c:/texlive/2020/texmf-dist/tex/latex/pgf/utilities/pgfkeys.sty (c:/texlive/2020/texmf-dist/tex/generic/pgf/utilities/pgfkeys.code.tex)) (c:/texlive/2020/texmf-dist/tex/latex/pgf/math/pgfmath.sty (c:/texlive/2020/texmf-dist/tex/generic/pgf/math/pgfmath.code.tex)) (c:/texlive/2020/texmf-dist/tex/generic/pgf/utilities/pgffor.code.tex
Package: pgffor 2020/01/08 v3.1.5b (3.1.5b)
 (c:/texlive/2020/texmf-dist/tex/generic/pgf/math/pgfmath.code.tex)
\pgffor@iter=\dimen190
\pgffor@skip=\dimen191
\pgffor@stack=\toks40
\pgffor@toks=\toks41
)) (c:/texlive/2020/texmf-dist/tex/generic/pgf/frontendlayer/tikz/tikz.code.tex
Package: tikz 2020/01/08 v3.1.5b (3.1.5b)
 (c:/texlive/2020/texmf-dist/tex/generic/pgf/libraries/pgflibraryplothandlers.code.tex
File: pgflibraryplothandlers.code.tex 2020/01/08 v3.1.5b (3.1.5b)
\pgf@plot@mark@count=\count276
\pgfplotmarksize=\dimen192
)
\tikz@lastx=\dimen193
\tikz@lasty=\dimen194
\tikz@lastxsaved=\dimen195
\tikz@lastysaved=\dimen196
\tikz@lastmovetox=\dimen197
\tikz@lastmovetoy=\dimen198
\tikzleveldistance=\dimen199
\tikzsiblingdistance=\dimen256
\tikz@figbox=\box56
\tikz@figbox@bg=\box57
\tikz@tempbox=\box58
\tikz@tempbox@bg=\box59
\tikztreelevel=\count277
\tikznumberofchildren=\count278
\tikznumberofcurrentchild=\count279
\tikz@fig@count=\count280
 (c:/texlive/2020/texmf-dist/tex/generic/pgf/modules/pgfmodulematrix.code.tex
File: pgfmodulematrix.code.tex 2020/01/08 v3.1.5b (3.1.5b)
\pgfmatrixcurrentrow=\count281
\pgfmatrixcurrentcolumn=\count282
\pgf@matrix@numberofcolumns=\count283
)
\tikz@expandcount=\count284
 (c:/texlive/2020/texmf-dist/tex/generic/pgf/frontendlayer/tikz/libraries/tikzlibrarytopaths.code.tex
File: tikzlibrarytopaths.code.tex 2020/01/08 v3.1.5b (3.1.5b)
))) (c:/texlive/2020/texmf-dist/tex/generic/pgf/frontendlayer/tikz/libraries/tikzlibrarymatrix.code.tex
File: tikzlibrarymatrix.code.tex 2020/01/08 v3.1.5b (3.1.5b)
)
\c@theorem=\count285
\c@corollary=\count286
\c@definition=\count287
\c@Example=\count288
\c@proposition=\count289
\c@construction=\count290
\c@remark=\count291
\c@exm=\count292
\c@lemma=\count293
 (c:/texlive/2020/texmf-dist/tex/latex/l3backend/l3backend-xdvipdfmx.def
File: l3backend-xdvipdfmx.def 2020-03-12 L3 backend support: xdvipdfmx
\g__graphics_track_int=\count294
\l__pdf_internal_box=\box60
\g__pdf_backend_object_int=\count295
\g__pdf_backend_annotation_int=\count296
) (./abonden.aux)
\openout1 = `abonden.aux'.

LaTeX Font Info:    Checking defaults for OML/cmm/m/it on input line 33.
LaTeX Font Info:    ... okay on input line 33.
LaTeX Font Info:    Checking defaults for OMS/cmsy/m/n on input line 33.
LaTeX Font Info:    ... okay on input line 33.
LaTeX Font Info:    Checking defaults for OT1/cmr/m/n on input line 33.
LaTeX Font Info:    ... okay on input line 33.
LaTeX Font Info:    Checking defaults for T1/cmr/m/n on input line 33.
LaTeX Font Info:    ... okay on input line 33.
LaTeX Font Info:    Checking defaults for TS1/cmr/m/n on input line 33.
LaTeX Font Info:    Trying to load font information for TS1+cmr on input line 33.
 (c:/texlive/2020/texmf-dist/tex/latex/base/ts1cmr.fd
File: ts1cmr.fd 2019/12/16 v2.5j Standard LaTeX font definitions
)
LaTeX Font Info:    ... okay on input line 33.
LaTeX Font Info:    Checking defaults for TU/lmr/m/n on input line 33.
LaTeX Font Info:    ... okay on input line 33.
LaTeX Font Info:    Checking defaults for OMX/cmex/m/n on input line 33.
LaTeX Font Info:    ... okay on input line 33.
LaTeX Font Info:    Checking defaults for U/cmr/m/n on input line 33.
LaTeX Font Info:    ... okay on input line 33.
LaTeX Font Info:    Checking defaults for PD1/pdf/m/n on input line 33.
LaTeX Font Info:    ... okay on input line 33.
LaTeX Font Info:    Checking defaults for PU/pdf/m/n on input line 33.
LaTeX Font Info:    ... okay on input line 33.
\AtBeginShipoutBox=\box61
Package hyperref Info: Link coloring ON on input line 33.
 (c:/texlive/2020/texmf-dist/tex/latex/hyperref/nameref.sty
Package: nameref 2019/09/16 v2.46 Cross-referencing by name of section
 (c:/texlive/2020/texmf-dist/tex/latex/refcount/refcount.sty
Package: refcount 2019/12/15 v3.6 Data extraction from label references (HO)
) (c:/texlive/2020/texmf-dist/tex/generic/gettitlestring/gettitlestring.sty
Package: gettitlestring 2019/12/15 v1.6 Cleanup title references (HO)
)
\c@section@level=\count297
)
LaTeX Info: Redefining \ref on input line 33.
LaTeX Info: Redefining \pageref on input line 33.
LaTeX Info: Redefining \nameref on input line 33.
 (./abonden.out) (./abonden.out)
\@outlinefile=\write4
\openout4 = `abonden.out'.

 ABD: EveryShipout initializing macros
LaTeX Font Info:    Trying to load font information for U+rsfs on input line 39.
 (c:/texlive/2020/texmf-dist/tex/latex/jknapltx/ursfs.fd
File: ursfs.fd 1998/03/24 rsfs font definition file (jk)
)
LaTeX Font Info:    Trying to load font information for U+msa on input line 39.
 (c:/texlive/2020/texmf-dist/tex/latex/amsfonts/umsa.fd
File: umsa.fd 2013/01/14 v3.01 AMS symbols A
)
LaTeX Font Info:    Trying to load font information for U+msb on input line 39.
 (c:/texlive/2020/texmf-dist/tex/latex/amsfonts/umsb.fd
File: umsb.fd 2013/01/14 v3.01 AMS symbols B
)
Overfull \hbox (33.40515pt too wide) detected at line 70
[]
 []

[1

] [2] [3] [4] [5] [6]
Overfull \hbox (3.46779pt too wide) in paragraph at lines 286--286
 [][]$[]$
 []


Overfull \hbox (3.46779pt too wide) in paragraph at lines 286--286
 [][]$[]$
 []


Overfull \hbox (3.46779pt too wide) in paragraph at lines 286--286
 [][]$[]$
 []


Overfull \hbox (3.46779pt too wide) in paragraph at lines 287--287
 [][]$[]$
 []


Overfull \hbox (3.46779pt too wide) in paragraph at lines 287--287
 [][]$[]$
 []


Overfull \hbox (3.46779pt too wide) in paragraph at lines 287--287
 [][]$[]$
 []


Overfull \hbox (3.46779pt too wide) in paragraph at lines 288--288
 [][]$[]$
 []


Overfull \hbox (3.46779pt too wide) in paragraph at lines 288--288
 [][]$[]$
 []


Overfull \hbox (3.46779pt too wide) in paragraph at lines 288--288
 [][]$[]$
 []


Overfull \hbox (3.46779pt too wide) in paragraph at lines 289--289
 [][]$[]$
 []


Overfull \hbox (3.46779pt too wide) in paragraph at lines 289--289
 [][]$[]$
 []


Overfull \hbox (3.46779pt too wide) in paragraph at lines 289--289
 [][]$[]$
 []


Overfull \hbox (3.46779pt too wide) in paragraph at lines 290--290
 [][]$[]$
 []


Overfull \hbox (3.46779pt too wide) in paragraph at lines 290--290
 [][]$[]$
 []


Overfull \hbox (3.46779pt too wide) in paragraph at lines 290--290
 [][]$[]$
 []


Overfull \hbox (3.46779pt too wide) in paragraph at lines 291--291
 [][]$[]$
 []


Overfull \hbox (3.46779pt too wide) in paragraph at lines 291--291
 [][]$[]$
 []


Overfull \hbox (3.46779pt too wide) in paragraph at lines 291--291
 [][]$[]$
 []


Overfull \hbox (3.46779pt too wide) in paragraph at lines 292--292
 [][]$[]$
 []


Overfull \hbox (3.46779pt too wide) in paragraph at lines 292--292
 [][]$[]$
 []


Overfull \hbox (3.46779pt too wide) in paragraph at lines 292--292
 [][]$[]$
 []


Overfull \hbox (3.46779pt too wide) in paragraph at lines 293--293
 [][]$[]$
 []


Overfull \hbox (3.46779pt too wide) in paragraph at lines 293--293
 [][]$[]$
 []


Overfull \hbox (3.46779pt too wide) in paragraph at lines 293--293
 [][]$[]$
 []


Overfull \hbox (3.46779pt too wide) in paragraph at lines 294--294
 [][]$[]$
 []


Overfull \hbox (3.46779pt too wide) in paragraph at lines 294--294
 [][]$[]$
 []


Overfull \hbox (3.46779pt too wide) in paragraph at lines 294--294
 [][]$[]$
 []


Overfull \hbox (3.46779pt too wide) in paragraph at lines 295--295
 [][]$[]$
 []


Overfull \hbox (3.46779pt too wide) in paragraph at lines 295--295
 [][]$[]$
 []


Overfull \hbox (3.46779pt too wide) in paragraph at lines 295--295
 [][]$[]$
 []


Overfull \hbox (3.46779pt too wide) in paragraph at lines 296--296
 [][]$[]$
 []


Overfull \hbox (3.46779pt too wide) in paragraph at lines 296--296
 [][]$[]$
 []


Overfull \hbox (3.46779pt too wide) in paragraph at lines 296--296
 [][]$[]$
 []


Overfull \hbox (3.46779pt too wide) in paragraph at lines 297--297
 [][]$[]$
 []


Overfull \hbox (3.46779pt too wide) in paragraph at lines 297--297
 [][]$[]$
 []


Overfull \hbox (3.46779pt too wide) in paragraph at lines 297--297
 [][]$[]$
 []


Overfull \hbox (3.46779pt too wide) in paragraph at lines 298--298
 [][]$[]$
 []


Overfull \hbox (3.46779pt too wide) in paragraph at lines 298--298
 [][]$[]$
 []


Overfull \hbox (3.46779pt too wide) in paragraph at lines 298--298
 [][]$[]$
 []


Overfull \hbox (3.46779pt too wide) in paragraph at lines 300--300
 [][]$[]$
 []


Overfull \hbox (3.46779pt too wide) in paragraph at lines 300--300
 [][]$[]$
 []


Overfull \hbox (3.46779pt too wide) in paragraph at lines 301--301
 [][]$[]$
 []


Overfull \hbox (3.46779pt too wide) in paragraph at lines 301--301
 [][]$[]$
 []


Overfull \hbox (3.46779pt too wide) in paragraph at lines 301--301
 [][]$[]$
 []

[7] [8]
Package atveryend Info: Empty hook `BeforeClearDocument' on input line 312.
Package atveryend Info: Empty hook `AfterLastShipout' on input line 312.
 (./abonden.aux)
Package atveryend Info: Empty hook `AtVeryEndDocument' on input line 312.
Package atveryend Info: Executing hook `AtEndAfterFileList' on input line 312.
Package rerunfilecheck Info: File `abonden.out' has not changed.
(rerunfilecheck)             Checksum: 8B16C27E552B2F2F960F40FCAD89CFB9;257.
Package atveryend Info: Empty hook `AtVeryVeryEnd' on input line 312.
 ) 
Here is how much of TeX's memory you used:
 21537 strings out of 479418
 386650 string characters out of 5888105
 703614 words of memory out of 5000000
 38702 multiletter control sequences out of 15000+600000
 537893 words of font info for 53 fonts, out of 8000000 for 9000
 1348 hyphenation exceptions out of 8191
 60i,16n,64p,429b,856s stack positions out of 5000i,500n,10000p,200000b,80000s

Output written on abonden.pdf (8 pages).
